sdk/will-tutorils/selecting-strokes/build/outputs/logs/manifest-merger-debug-report.txt
-- Merging decision tree log ---
manifest
ADDED from src/main/AndroidManifest.xml:2:1-43:12
	package
		ADDED from src/main/AndroidManifest.xml:3:5-53
		INJECTED from src/main/AndroidManifest.xml
		INJECTED from src/main/AndroidManifest.xml
	android:versionName
		ADDED from src/main/AndroidManifest.xml:5:5-30
		INJECTED from src/main/AndroidManifest.xml
		INJECTED from src/main/AndroidManifest.xml
	android:versionCode
		ADDED from src/main/AndroidManifest.xml:4:5-28
		INJECTED from src/main/AndroidManifest.xml
		INJECTED from src/main/AndroidManifest.xml
	xmlns:android
		ADDED from src/main/AndroidManifest.xml:2:11-69
uses-sdk
ADDED from src/main/AndroidManifest.xml:7:5-9:41
MERGED from [will-tutorils:will-sdk:unspecified] AndroidManifest.xml:7:5-9:41
	android:targetSdkVersion
		ADDED from src/main/AndroidManifest.xml:9:9-38
		INJECTED from src/main/AndroidManifest.xml
		INJECTED from src/main/AndroidManifest.xml
	android:minSdkVersion
		ADDED from src/main/AndroidManifest.xml:8:9-35
		INJECTED from src/main/AndroidManifest.xml
		INJECTED from src/main/AndroidManifest.xml
uses-feature#0x00020000
ADDED from src/main/AndroidManifest.xml:11:2-75
	android:glEsVersion
		ADDED from src/main/AndroidManifest.xml:11:16-48
	android:required
		ADDED from src/main/AndroidManifest.xml:11:49-72
application
ADDED from src/main/AndroidManifest.xml:13:5-41:19
	android:label
		ADDED from src/main/AndroidManifest.xml:16:9-41
	android:hardwareAccelerated
		ADDED from src/main/AndroidManifest.xml:18:9-44
	android:allowBackup
		ADDED from src/main/AndroidManifest.xml:14:9-35
	android:icon
		ADDED from src/main/AndroidManifest.xml:15:9-45
	android:theme
		ADDED from src/main/AndroidManifest.xml:17:9-40
activity#com.wacom.ink.samples.selectingstrokes.SelectingStrokesPart1
ADDED from src/main/AndroidManifest.xml:20:11-25:22
	android:label
		ADDED from src/main/AndroidManifest.xml:21:19-48
	android:exported
		ADDED from src/main/AndroidManifest.xml:23:19-42
	android:configChanges
		ADDED from src/main/AndroidManifest.xml:24:19-80
	android:name
		ADDED from src/main/AndroidManifest.xml:22:19-56
activity#com.wacom.ink.samples.selectingstrokes.SelectingStrokesPart2
ADDED from src/main/AndroidManifest.xml:26:11-31:22
	android:label
		ADDED from src/main/AndroidManifest.xml:27:19-48
	android:exported
		ADDED from src/main/AndroidManifest.xml:29:19-42
	android:configChanges
		ADDED from src/main/AndroidManifest.xml:30:19-80
	android:name
		ADDED from src/main/AndroidManifest.xml:28:19-56
activity#com.wacom.ink.samples.selectingstrokes.MainActivity
ADDED from src/main/AndroidManifest.xml:33:11-40:22
	android:label
		ADDED from src/main/AndroidManifest.xml:35:19-62
	android:name
		ADDED from src/main/AndroidManifest.xml:34:19-47
intent-filter#android.intent.action.MAIN+android.intent.category.LAUNCHER
ADDED from src/main/AndroidManifest.xml:36:17-39:33
action#android.intent.action.MAIN
ADDED from src/main/AndroidManifest.xml:37:23-75
	android:name
		ADDED from src/main/AndroidManifest.xml:37:31-72
category#android.intent.category.LAUNCHER
ADDED from src/main/AndroidManifest.xml:38:23-83
	android:name
		ADDED from src/main/AndroidManifest.xml:38:33-80